<?xml version="1.0" encoding="utf-8"?><testsuites><testsuite name="pytest" errors="0" failures="0" skipped="0" tests="20" time="19.013" timestamp="2025-12-26T22:11:15.695127" hostname="LEEKY-1017"><testcase classname="backend.tests.gate1_boot_regression.test_bootability_checks" name="test_run_boot_checks_detects_migration_mismatch" time="0.107" /><testcase classname="backend.tests.gate1_boot_regression.test_bootability_checks" name="test_run_boot_checks_fails_on_invalid_versioning_env" time="0.004" /><testcase classname="backend.tests.gate1_boot_regression.test_bootability_checks" name="test_strict_boot_blocks_startup" time="0.096" /><testcase classname="backend.tests.gate1_boot_regression.test_drift_regression" name="test_pipeline_bazi_drift_regression" time="0.485" /><testcase classname="backend.tests.gate1_boot_regression.test_readiness_endpoint" name="test_ready_reflects_boot_checks_and_emits_startup_checks" time="0.017" /><testcase classname="backend.tests.integration.test_pipeline_e2e.TestBaziPipelineE2E" name="test_bazi_pipeline_e2e" time="12.082" /><testcase classname="backend.tests.integration.test_pipeline_e2e.TestBaziPipelineE2E" name="test_bazi_engine_id_normalization" time="0.613" /><testcase classname="backend.tests.integration.test_pipeline_e2e.TestAstroPipelineE2E" name="test_astro_pipeline_e2e" time="0.188" /><testcase classname="backend.tests.integration.test_pipeline_e2e.TestMultiEnginePipelineE2E" name="test_multi_engine_pipeline_e2e" time="0.241" /><testcase classname="backend.tests.integration.test_pipeline_e2e.TestMultiEnginePipelineE2E" name="test_all_engines_none_means_all" time="0.215" /><testcase classname="backend.tests.integration.test_pipeline_e2e.TestTOONSerializationE2E" name="test_toon_v2_bazi_serialization" time="0.220" /><testcase classname="backend.tests.integration.test_pipeline_e2e.TestTOONSerializationE2E" name="test_toon_v2_full_serialization" time="0.231" /><testcase classname="backend.tests.integration.test_pipeline_e2e.TestUserPromptE2E" name="test_bazi_profile_formatting" time="0.218" /><testcase classname="backend.tests.integration.test_pipeline_e2e.TestZiweiPipelineE2E" name="test_ziwei_pipeline_e2e" time="0.312" /><testcase classname="backend.tests.integration.test_pipeline_e2e.TestTarotPipelineE2E" name="test_tarot_pipeline_e2e" time="0.157" /><testcase classname="backend.tests.integration.test_pipeline_e2e.TestDreamPipelineE2E" name="test_dream_pipeline_e2e" time="1.038" /><testcase classname="backend.tests.integration.test_pipeline_e2e.TestYijingPipelineE2E" name="test_yijing_pipeline_e2e" time="0.117" /><testcase classname="backend.tests.integration.test_pipeline_e2e.TestPsychPipelineE2E" name="test_psych_pipeline_e2e" time="0.116" /><testcase classname="backend.tests.integration.test_pipeline_e2e.TestAllEnginesPipelineE2E" name="test_multi_engine_toon_length_limit" time="0.206" /><testcase classname="backend.tests.integration.test_pipeline_e2e.TestAllEnginesPipelineE2E" name="test_engine_id_normalization_all_aliases" time="0.205" /></testsuite></testsuites>