<?xml version="1.0" encoding="utf-8"?><testsuites><testsuite name="pytest" errors="0" failures="0" skipped="0" tests="9" time="0.328" timestamp="2025-12-26T22:11:14.175568" hostname="LEEKY-1017"><testcase classname="backend.tests.gate0_versioning_deviation.test_versioning_ids" name="test_resolve_version_id_and_corpus_release_id_from_env" time="0.002" /><testcase classname="backend.tests.gate0_versioning_deviation.test_versioning_ids" name="test_resolve_version_id_and_corpus_release_id_are_normalized" time="0.007" /><testcase classname="backend.tests.gate0_versioning_deviation.test_versioning_ids" name="test_validate_version_id_missing_is_deterministic" time="0.000" /><testcase classname="backend.tests.gate0_versioning_deviation.test_versioning_ids" name="test_validate_version_id_invalid_is_deterministic" time="0.000" /><testcase classname="backend.tests.gate0_versioning_deviation.test_versioning_ids" name="test_validate_version_id_accepts_ver_format" time="0.000" /><testcase classname="backend.tests.gate0_versioning_deviation.test_versioning_ids" name="test_validate_corpus_release_id_rejects_invalid" time="0.000" /><testcase classname="backend.tests.gate0_versioning_deviation.test_versioning_ids" name="test_log_event_defaults_include_versioning_fields" time="0.001" /><testcase classname="backend.tests.gate0_versioning_deviation.test_versioning_ids" name="test_audit_event_defaults_include_versioning_fields" time="0.000" /><testcase classname="backend.tests.gate0_versioning_deviation.test_versioning_ids" name="test_version_manifest_artifact_is_machine_readable" time="0.004" /></testsuite></testsuites>